[2015.12.16-16.53.11:485][  0]Log file open, 12/16/15 17:53:11
[2015.12.16-16.53.11:485][  0]LogInit:Display: Running engine for game: FPS
[2015.12.16-16.53.11:485][  0]LogPlatformFile: Not using cached read wrapper
[2015.12.16-16.53.11:485][  0]LogInit:Display: RandInit(202500512) SRandInit(202500513).
[2015.12.16-16.53.11:485][  0]LogTaskGraph: Started task graph with 4 named threads and 7 total threads.
[2015.12.16-16.53.11:485][  0]LogStats: Stats thread started at 0.230817
[2015.12.16-16.53.11:485][  0]LogInit: Version: 4.10.1-2791327+++depot+UE4-Releases+4.10
[2015.12.16-16.53.11:485][  0]LogInit: API Version: 2758231
[2015.12.16-16.53.11:485][  0]LogInit: Compiled (64-bit): Dec  4 2015 19:44:40
[2015.12.16-16.53.11:485][  0]LogInit: Compiled with Visual C++: 19.00.23026.00
[2015.12.16-16.53.11:485][  0]LogInit: Build Configuration: Development
[2015.12.16-16.53.11:485][  0]LogInit: Branch Name: ++depot+UE4-Releases+4.10
[2015.12.16-16.53.11:485][  0]LogInit: Command line:  
[2015.12.16-16.53.11:485][  0]LogInit: Base directory: C:/Program Files/Epic Games/4.10/Engine/Binaries/Win64/
[2015.12.16-16.53.11:485][  0]LogInit: Rocket: 1
[2015.12.16-16.53.11:492][  0]LogInit: Using libcurl 7.41.0
[2015.12.16-16.53.11:492][  0]LogInit:  - built for x86_64-pc-win32
[2015.12.16-16.53.11:492][  0]LogInit:  - supports SSL with WinSSL
[2015.12.16-16.53.11:492][  0]LogInit:  - other features:
[2015.12.16-16.53.11:492][  0]LogInit:      CURL_VERSION_SSL
[2015.12.16-16.53.11:492][  0]LogInit:      CURL_VERSION_IPV6
[2015.12.16-16.53.11:492][  0]LogInit:      CURL_VERSION_ASYNCHDNS
[2015.12.16-16.53.11:492][  0]LogInit:      CURL_VERSION_LARGEFILE
[2015.12.16-16.53.11:492][  0]LogInit:      CURL_VERSION_IDN
[2015.12.16-16.53.11:492][  0]LogInit:  CurlRequestOptions (configurable via config and command line):
[2015.12.16-16.53.11:492][  0]LogInit:  - bVerifyPeer = true  - Libcurl will verify peer certificate
[2015.12.16-16.53.11:492][  0]LogInit:  - bUseHttpProxy = false  - Libcurl will NOT use HTTP proxy
[2015.12.16-16.53.11:492][  0]LogInit:  - bDontReuseConnections = false  - Libcurl will reuse connections
[2015.12.16-16.53.11:492][  0]LogInit:  - CertBundlePath = nullptr  - Libcurl will use whatever was configured at build time.
[2015.12.16-16.53.11:501][  0]LogInit: Presizing for 0 objects not considered by GC, pre-allocating 0 bytes.
[2015.12.16-16.53.11:506][  0]LogInit: Object subsystem initialized
[2015.12.16-16.53.11:507][  0]LogInit: Selected Device Profile: [Windows]
[2015.12.16-16.53.11:507][  0]LogInit: Applying CVar settings loaded from the selected device profile: [Windows]
[2015.12.16-16.53.11:515][  0]LogInit: Computer: 3SE-SPEL-10
[2015.12.16-16.53.11:515][  0]LogInit: User: helgem
[2015.12.16-16.53.11:515][  0]LogInit: CPU Page size=4096, Cores=4
[2015.12.16-16.53.11:515][  0]LogInit: High frequency timer resolution =3.123232 MHz
[2015.12.16-16.53.11:515][  0]LogMemory: Memory total: Physical=7.9GB (8GB approx)
[2015.12.16-16.53.11:515][  0]LogMemory: Platform Memory Stats for Windows
[2015.12.16-16.53.11:515][  0]LogMemory: Process Physical Memory: 56.56 MB used, 56.56 MB peak
[2015.12.16-16.53.11:515][  0]LogMemory: Process Virtual Memory: 58.27 MB used, 58.27 MB peak
[2015.12.16-16.53.11:515][  0]LogMemory: Physical Memory: 4097.49 MB used, 8135.23 MB total
[2015.12.16-16.53.11:515][  0]LogMemory: Virtual Memory: 352.71 MB used, 8388608.00 MB total
[2015.12.16-16.53.11:567][  0]LogTextLocalizationManager: No translations for ('sv-SE') exist, falling back to 'en' for localization and internationalization data.
[2015.12.16-16.53.11:982][  0]LogD3D11RHI: Found D3D11 adapter 0: NVIDIA GeForce GTX 970 (Feature Level 11_0)
[2015.12.16-16.53.11:982][  0]LogD3D11RHI: Adapter has 4008MB of dedicated video memory, 0MB of dedicated system memory, and 3811MB of shared system memory, 1 output[s]
[2015.12.16-16.53.11:982][  0]LogD3D11RHI: Chosen D3D11 Adapter Id = 0
[2015.12.16-16.53.11:985][  0]LogD3D11RHI: !Direct3DDevice
[2015.12.16-16.53.11:985][  0]LogRHI: Texture pool is 1361 MB (70% of 1945 MB)
[2015.12.16-16.53.11:992][  0]LogD3D11RHI: Async texture creation enabled
[2015.12.16-16.53.12:005][  0]LogShaderCompilers: Guid format shader working directory is 26 characters bigger than the processId version (../../../../../../FPS/Intermediate/Shaders/WorkingDirectory/8104/).
[2015.12.16-16.53.12:005][  0]LogShaderCompilers: Cleaned the shader compiler working directory 'C:/Users/helgem/AppData/Local/Temp/UnrealShaderWorkingDir/4351F3A8473A171606EE80A2ADB46748/'.
[2015.12.16-16.53.12:005][  0]LogShaderCompilers:Display: Using Local Shader Compiler.
[2015.12.16-16.53.12:852][  0]LogTemp:Display: Loaded TP AllDesktopTargetPlatform
[2015.12.16-16.53.12:857][  0]LogTemp:Display: Loaded TP WindowsClientTargetPlatform
[2015.12.16-16.53.12:861][  0]LogTemp:Display: Loaded TP WindowsNoEditorTargetPlatform
[2015.12.16-16.53.12:865][  0]LogTemp:Display: Loaded TP WindowsServerTargetPlatform
[2015.12.16-16.53.12:869][  0]LogTemp:Display: Loaded TP WindowsTargetPlatform
[2015.12.16-16.53.12:873][  0]LogTemp:Display: Loaded TP AndroidTargetPlatform
[2015.12.16-16.53.12:876][  0]LogTemp:Display: Loaded TP Android_ASTCTargetPlatform
[2015.12.16-16.53.12:878][  0]LogTemp:Display: Loaded TP Android_ATCTargetPlatform
[2015.12.16-16.53.12:881][  0]LogTemp:Display: Loaded TP Android_DXTTargetPlatform
[2015.12.16-16.53.12:884][  0]LogTemp:Display: Loaded TP Android_ETC1TargetPlatform
[2015.12.16-16.53.12:887][  0]LogTemp:Display: Loaded TP Android_ETC2TargetPlatform
[2015.12.16-16.53.12:894][  0]LogTemp:Display: Loaded TP Android_MultiTargetPlatform
[2015.12.16-16.53.12:894][  0]LogTemp:Display: Loaded TP Android_PVRTCTargetPlatform
[2015.12.16-16.53.12:895][  0]LogTemp:Display: Loaded TP HTML5TargetPlatform
[2015.12.16-16.53.12:912][  0]LogTemp:Display: Loaded TP IOSTargetPlatform
[2015.12.16-16.53.12:914][  0]LogTemp:Display: Loaded TP LinuxNoEditorTargetPlatform
[2015.12.16-16.53.12:917][  0]LogTemp:Display: Loaded TP LinuxServerTargetPlatform
[2015.12.16-16.53.12:920][  0]LogTemp:Display: Loaded TP LinuxTargetPlatform
[2015.12.16-16.53.12:920][  0]LogTargetPlatformManager:Display: Building Assets For Windows
[2015.12.16-16.53.13:003][  0]LogDerivedDataCache:Display: Max Cache Size: 512 MB
[2015.12.16-16.53.13:150][  0]LogDerivedDataCache: Loaded boot cache 0.15s 41MB C:/Users/helgem/AppData/Local/UnrealEngine/4.10/DerivedDataCache/Boot.ddc.
[2015.12.16-16.53.13:150][  0]LogDerivedDataCache:Display: Loaded Boot cache: C:/Users/helgem/AppData/Local/UnrealEngine/4.10/DerivedDataCache/Boot.ddc
[2015.12.16-16.53.13:150][  0]LogDerivedDataCache: FDerivedDataBackendGraph:  Pak pak cache file ../../../../../../FPS/DerivedDataCache/DDC.ddp not found, will not use a pak cache.
[2015.12.16-16.53.13:150][  0]LogDerivedDataCache: Unable to find inner node Pak for hierarchical cache Hierarchy.
[2015.12.16-16.53.13:150][  0]LogDerivedDataCache: FDerivedDataBackendGraph:  CompressedPak pak cache file ../../../../../../FPS/DerivedDataCache/Compressed.ddp not found, will not use a pak cache.
[2015.12.16-16.53.13:150][  0]LogDerivedDataCache: Unable to find inner node CompressedPak for hierarchical cache Hierarchy.
[2015.12.16-16.53.13:209][  0]LogDerivedDataCache:Display: Pak cache opened for reading ../../../Engine/DerivedDataCache/Compressed.ddp.
[2015.12.16-16.53.13:221][  0]LogDerivedDataCache: Using Local data cache path C:/Users/helgem/AppData/Local/UnrealEngine/Common/DerivedDataCache: Writable
[2015.12.16-16.53.13:532][  0]LogInit: Selected Device Profile: [Windows]
[2015.12.16-16.53.13:533][  0]LogContentStreaming: Texture pool size is 0.000000MB
[2015.12.16-16.53.13:567][  0]LogMeshUtilities: No automatic mesh reduction module available
[2015.12.16-16.53.13:567][  0]LogMeshUtilities: No automatic mesh merging module available
[2015.12.16-16.53.13:860][  0]LogInit: WinSock: version 1.1 (2.2), MaxSocks=32767, MaxUdp=65467
[2015.12.16-16.53.15:482][  0]UdpMessaging: Initializing bridge on interface 0.0.0.0:0 to multicast group 230.0.0.1:6666.
[2015.12.16-16.53.17:582][  0]LogAssetRegistry: FAssetRegistry took 0.0103 seconds to start up
[2015.12.16-16.53.17:738][  0]SourceControl: Info Source control is disabled
[2015.12.16-16.53.17:738][  0]SourceControl: Info Source control is disabled
[2015.12.16-16.53.17:747][  0]SourceControl: Info Source control is disabled
[2015.12.16-16.53.17:756][  0]SourceControl: Info Source control is disabled
[2015.12.16-16.53.17:965][  0]LogObj: 28633 objects as part of root set at end of initial load.
[2015.12.16-16.53.17:965][  0]LogUObjectAllocator: 6099744 out of 0 bytes used by permanent object pool.
[2015.12.16-16.53.18:019][  0]LogEngine: Initializing Engine...
[2015.12.16-16.53.18:020][  0]LogHMD: Can't find Oculus library dev build: is proper Runtime installed? Version: 0.8.0.0
[2015.12.16-16.53.18:022][  0]LogHMD: SteamVR failed to initialize.  Err: 110
[2015.12.16-16.53.18:141][  0]LogAIModule: Creating AISystem for world NewWorld
[2015.12.16-16.53.18:146][  0]LogInit: XAudio2 using 'Digitalt ljud (S/PDIF) (High Definition Audio Device)' : 2 channels at 44.1 kHz using 16 bits per sample (channel mask 0x3)
[2015.12.16-16.53.18:163][  0]LogInit: FAudioDevice initialized.
[2015.12.16-16.53.18:182][  0]LogDerivedDataCache: Saved boot cache 0.02s 41MB C:/Users/helgem/AppData/Local/UnrealEngine/4.10/DerivedDataCache/Boot.ddc.
[2015.12.16-16.53.18:185][  0]LogInit: Texture streaming: Enabled
[2015.12.16-16.53.18:190][  0]LogAnalytics: Creating configured Analytics provider AnalyticsET
[2015.12.16-16.53.18:190][  0]LogAnalytics: [UEEditor.Rocket.Release] APIServer = http://et2.epicgames.com/ET2/. AppVersion = 4.10.1-2791327+++depot+UE4-Releases+4.10
[2015.12.16-16.53.18:190][  0]LogAnalytics: [UEEditor.Rocket.Release] SetUserId 997660b3490d783179a4a5a224d43459|62381672df30497b996314ffa4e260ba|2657d383-c71c-4f87-999b-40923e3cd8a0
[2015.12.16-16.53.18:190][  0]LogAnalytics: [UEEditor.Rocket.Release] AnalyticsET::StartSession
[2015.12.16-16.53.18:213][  0]LogInit: Transaction tracking system initialized
[2015.12.16-16.53.18:240][  0]BlueprintLog: New page: Editor Load
[2015.12.16-16.53.18:468][  0]LocalizationService: Info Localization service is disabled
[2015.12.16-16.53.18:537][  0]LogConsoleResponse:Display: 
[2015.12.16-16.53.18:651][  0]LogCook:Display: Done creating registry. It took  0.00s.
[2015.12.16-16.53.18:659][  0]LogFileCache: Scanning file cache for directory 'C:/FPS/Content/' took 0.01s
[2015.12.16-16.53.18:708][  0]SourceControl: Info Source control is disabled
[2015.12.16-16.53.18:708][  0]Cmd: MAP LOAD FILE="../../../../../../FPS/Content/FirstPersonBP/Maps/FirstPersonExampleMap.umap" TEMPLATE=0 SHOWPROGRESS=1 FEATURELEVEL=3
[2015.12.16-16.53.18:709][  0]LightingResults: New page: Lighting Build
[2015.12.16-16.53.18:712][  0]MapCheck: New page: Map Check
[2015.12.16-16.53.18:712][  0]LightingResults: New page: Lighting Build
[2015.12.16-16.53.18:721][  0]LogParticles: Destroying 0 GPU particle simulations for FXSystem 0x0000000023886AC0
[2015.12.16-16.53.18:832][  0]LogLinker:Warning: Asset '../../../../../../FPS/Content/FirstPerson/Meshes/FirstPersonProjectileMesh.uasset' has been saved with empty engine version. The asset will be loaded but may be incompatible.
[2015.12.16-16.53.19:178][  0]LogAIModule: Creating AISystem for world FirstPersonExampleMap
[2015.12.16-16.53.19:184][  0]LogEditorServer: Finished looking for orphan Actors (0.000 secs)
[2015.12.16-16.53.19:185][  0]Cmd: MAP CHECKDEP NOCLEARLOG
[2015.12.16-16.53.19:227][  0]MapCheck: Info Map check complete: 0 Error(s), 0 Warning(s), took 42.225ms to complete.
[2015.12.16-16.53.19:227][  0]LogFileHelpers: Loading map 'FirstPersonExampleMap' took 0.519
[2015.12.16-16.53.19:324][  0]LogCollectionManager: Loaded 0 collections in 0.001916 seconds
[2015.12.16-16.53.19:359][  0]LogFileCache: Scanning file cache for directory 'C:/FPS/Saved/Collections/' took 0.01s
[2015.12.16-16.53.19:359][  0]LogFileCache: Scanning file cache for directory 'C:/FPS/Content/Developers/helgem/Collections/' took 0.01s
[2015.12.16-16.53.19:359][  0]LogFileCache: Scanning file cache for directory 'C:/FPS/Content/Collections/' took 0.01s
[2015.12.16-16.53.19:359][  0]LogCollectionManager: Rebuilt the GUID cache for 0 collections in 0.000002 seconds
[2015.12.16-16.53.19:365][  0]LogContentBrowser: Native class hierarchy populated in 0.0063 seconds. Added 1893 classes and 338 folders.
[2015.12.16-16.53.19:370][  0]LogContentBrowser: Native class hierarchy updated for 'WidgetCarousel' in 0.0003 seconds. Added 0 classes and 0 folders.
[2015.12.16-16.53.19:448][  0]LogContentBrowser: Native class hierarchy updated for 'AddContentDialog' in 0.0003 seconds. Added 0 classes and 0 folders.
[2015.12.16-16.53.19:452][  0]LogContentBrowser: Native class hierarchy updated for 'SceneOutliner' in 0.0003 seconds. Added 1 classes and 2 folders.
[2015.12.16-16.53.19:473][  0]LogCrashTracker: Crashtracker disabled due to settings.
[2015.12.16-16.53.19:518][  0]LogLoad: Full Startup: 8.61 seconds (BP compile: 0.10 seconds)
[2015.12.16-16.53.19:528][  0]LogOcInput: Can't find Oculus library dev build: is proper Runtime installed? Version: 0.8.0.0
[2015.12.16-16.53.19:582][  0]LogContentStreaming: Texture pool size now 1000 MB
[2015.12.16-16.53.19:713][  0]LogRenderer: Reallocating scene render targets to support 1208x572 (Frame:2).
[2015.12.16-16.53.19:833][  3]LogAssetRegistry: Asset discovery search completed in 2.2614 seconds
[2015.12.16-16.53.19:833][  3]LogCollectionManager: Rebuilt the object cache for 0 collections in 0.000001 seconds (found 0 objects)
[2015.12.16-16.53.19:833][  3]LogCollectionManager: Fixed up redirectors for 0 collections in 0.000016 seconds (updated 0 objects)
[2015.12.16-16.53.23:431][408]LogBlueprintUserMessages: Early PlayInEditor Detection: Level '/Game/FirstPersonBP/Maps/FirstPersonExampleMap.FirstPersonExampleMap:PersistentLevel' has LevelScriptBlueprint '/Game/FirstPersonBP/Maps/FirstPersonExampleMap.FirstPersonExampleMap:PersistentLevel.FirstPersonExampleMap' with GeneratedClass '/Game/FirstPersonBP/Maps/FirstPersonExampleMap.FirstPersonExampleMap_C' with ClassGeneratedBy '/Game/FirstPersonBP/Maps/FirstPersonExampleMap.FirstPersonExampleMap:PersistentLevel.FirstPersonExampleMap'
[2015.12.16-16.53.23:431][408]LogPlayLevel: PlayLevel: No blueprints needed recompiling
[2015.12.16-16.53.23:431][408]PIE: New page: PIE session: FirstPersonExampleMap (Dec 16, 2015, 6:53:23 PM)
[2015.12.16-16.53.23:431][408]LogPlayLevel: Creating play world package: /Game/FirstPersonBP/Maps/UEDPIE_0_FirstPersonExampleMap
[2015.12.16-16.53.23:453][408]LogPlayLevel: PIE: StaticDuplicateObject took: (0.021911s)
[2015.12.16-16.53.23:454][408]LogAIModule: Creating AISystem for world FirstPersonExampleMap
[2015.12.16-16.53.23:454][408]LogPlayLevel: PIE: World Init took: (0.000916s)
[2015.12.16-16.53.23:454][408]LogPlayLevel: PIE: Created PIE world by copying editor world from /Game/FirstPersonBP/Maps/FirstPersonExampleMap.FirstPersonExampleMap to /Game/FirstPersonBP/Maps/UEDPIE_0_FirstPersonExampleMap.FirstPersonExampleMap (0.023085s)
[2015.12.16-16.53.23:454][408]LogActorComponent: UnregisterComponent: (/Engine/Transient.ProjectileMovementComponent_40__A6522401) Not registered. Aborting.
[2015.12.16-16.53.23:454][408]LogActorComponent: UnregisterComponent: (/Engine/Transient.CharMoveComp) Not registered. Aborting.
[2015.12.16-16.53.23:479][408]LogInit: XAudio2 using 'Digitalt ljud (S/PDIF) (High Definition Audio Device)' : 2 channels at 44.1 kHz using 16 bits per sample (channel mask 0x3)
[2015.12.16-16.53.23:485][408]LogInit: FAudioDevice initialized.
[2015.12.16-16.53.23:531][408]LogLinker:Warning: Asset '../../../../../../FPS/Content/FirstPersonBP/Blueprints/FirstPersonHUD.uasset' has been saved with empty engine version. The asset will be loaded but may be incompatible.
[2015.12.16-16.53.23:549][408]LogWorld: Game class is 'FirstPersonGameMode_C'
[2015.12.16-16.53.23:553][408]LogWorld: Bringing World /Game/FirstPersonBP/Maps/UEDPIE_0_FirstPersonExampleMap.FirstPersonExampleMap up for play (max tick rate 0) at 2015.12.16-17.53.23
[2015.12.16-16.53.23:553][408]LogActor:Warning: GameSession /Game/FirstPersonBP/Maps/UEDPIE_0_FirstPersonExampleMap.FirstPersonExampleMap:PersistentLevel.GameSession_0 has natively added scene component(s), but none of them were set as the actor's RootComponent - picking one arbitrarily
[2015.12.16-16.53.23:553][408]LogActor:Warning: GameNetworkManager /Game/FirstPersonBP/Maps/UEDPIE_0_FirstPersonExampleMap.FirstPersonExampleMap:PersistentLevel.GameNetworkManager_0 has natively added scene component(s), but none of them were set as the actor's RootComponent - picking one arbitrarily
[2015.12.16-16.53.23:554][408]LogWorld: Bringing up level for play took: 0.002889
[2015.12.16-16.53.23:555][408]PIE: Info Play in editor start time for /Game/FirstPersonBP/Maps/UEDPIE_0_FirstPersonExampleMap 0.963
[2015.12.16-16.53.23:555][408]LogBlueprintUserMessages: Late PlayInEditor Detection: Level '/Game/FirstPersonBP/Maps/FirstPersonExampleMap.FirstPersonExampleMap:PersistentLevel' has LevelScriptBlueprint '/Game/FirstPersonBP/Maps/FirstPersonExampleMap.FirstPersonExampleMap:PersistentLevel.FirstPersonExampleMap' with GeneratedClass '/Game/FirstPersonBP/Maps/FirstPersonExampleMap.FirstPersonExampleMap_C' with ClassGeneratedBy '/Game/FirstPersonBP/Maps/FirstPersonExampleMap.FirstPersonExampleMap:PersistentLevel.FirstPersonExampleMap'
[2015.12.16-16.53.27:095][828]LogBlueprintUserMessages: Early EndPlayMap Detection: Level '/Game/FirstPersonBP/Maps/FirstPersonExampleMap.FirstPersonExampleMap:PersistentLevel' has LevelScriptBlueprint '/Game/FirstPersonBP/Maps/FirstPersonExampleMap.FirstPersonExampleMap:PersistentLevel.FirstPersonExampleMap' with GeneratedClass '/Game/FirstPersonBP/Maps/FirstPersonExampleMap.FirstPersonExampleMap_C' with ClassGeneratedBy '/Game/FirstPersonBP/Maps/FirstPersonExampleMap.FirstPersonExampleMap:PersistentLevel.FirstPersonExampleMap'
[2015.12.16-16.53.27:125][828]LogBlueprintUserMessages: Late EndPlayMap Detection: Level '/Game/FirstPersonBP/Maps/FirstPersonExampleMap.FirstPersonExampleMap:PersistentLevel' has LevelScriptBlueprint '/Game/FirstPersonBP/Maps/FirstPersonExampleMap.FirstPersonExampleMap:PersistentLevel.FirstPersonExampleMap' with GeneratedClass '/Game/FirstPersonBP/Maps/FirstPersonExampleMap.FirstPersonExampleMap_C' with ClassGeneratedBy '/Game/FirstPersonBP/Maps/FirstPersonExampleMap.FirstPersonExampleMap:PersistentLevel.FirstPersonExampleMap'
[2015.12.16-16.53.27:137][828]LogParticles: Destroying 0 GPU particle simulations for FXSystem 0x0000000003CD8B80
[2015.12.16-17.00.39:399][169]SourceControl: Info Source control is disabled
[2015.12.16-17.00.50:599][189]LogSourceControl:Error: P4ERROR: Invalid connection to server.
[2015.12.16-17.00.50:599][189]LogSourceControl:Error: Connect to server failed; check $P4PORT.
TCP connect to perforce:1666 failed.
Det beg?rda namnet ?r giltigt men data f?r den beg?rda typen kunde inte hittas. 

[2015.12.16-17.00.59:745][286]SourceControl:Error: Error Failed to enable Git source control. You need to initialize the project as a Git repository first.
[2015.12.16-17.01.32:054][ 23]LogActorComponent: UnregisterComponent: (/Engine/Transient.ProjectileMovementComponent_40__A6522401) Not registered. Aborting.
[2015.12.16-17.01.32:054][ 23]LogActorComponent: UnregisterComponent: (/Engine/Transient.CharMoveComp) Not registered. Aborting.
[2015.12.16-17.01.32:295][ 24]Cmd: QUIT_EDITOR
[2015.12.16-17.01.32:432][ 24]LogExit: Preparing to exit.
[2015.12.16-17.01.33:579][ 24]LogExit: Editor shut down
[2015.12.16-17.01.33:580][ 24]LogExit: Transaction tracking system shut down
[2015.12.16-17.01.33:581][ 24]LogParticles: Destroying 0 GPU particle simulations for FXSystem 0x0000000012249E40
[2015.12.16-17.01.33:581][ 24]LogParticles: Destroying 0 GPU particle simulations for FXSystem 0x00000000304EB880
[2015.12.16-17.01.33:581][ 24]LogParticles: Destroying 0 GPU particle simulations for FXSystem 0x0000000030643920
[2015.12.16-17.01.33:695][ 24]LogExit: Object subsystem successfully closed.
[2015.12.16-17.01.33:714][ 24]LogD3D11RHI: Shutdown
[2015.12.16-17.01.33:714][ 24]LogD3D11RHI: CleanupD3DDevice
[2015.12.16-17.01.33:780][ 24]LogD3D11RHI: ~FD3D11DynamicRHI
[2015.12.16-17.01.33:789][ 24]LogModuleManager: Shutting down and abandoning module CrashTracker (198)
[2015.12.16-17.01.33:789][ 24]LogModuleManager: Shutting down and abandoning module SceneOutliner (197)
[2015.12.16-17.01.33:789][ 24]LogModuleManager: Shutting down and abandoning module SuperSearch (196)
[2015.12.16-17.01.33:789][ 24]LogModuleManager: Shutting down and abandoning module WidgetCarousel (195)
[2015.12.16-17.01.33:789][ 24]LogModuleManager: Shutting down and abandoning module AddContentDialog (194)
[2015.12.16-17.01.33:790][ 24]LogModuleManager: Shutting down and abandoning module EditorWidgets (193)
[2015.12.16-17.01.33:790][ 24]LogModuleManager: Shutting down and abandoning module CollectionManager (192)
[2015.12.16-17.01.33:790][ 24]LogModuleManager: Shutting down and abandoning module StatsViewer (191)
[2015.12.16-17.01.33:790][ 24]LogModuleManager: Shutting down and abandoning module FoliageEdit (190)
[2015.12.16-17.01.33:790][ 24]LogModuleManager: Shutting down and abandoning module LandscapeEditor (189)
[2015.12.16-17.01.33:790][ 24]LogModuleManager: Shutting down and abandoning module ActorPickerMode (188)
[2015.12.16-17.01.33:790][ 24]LogModuleManager: Shutting down and abandoning module GeometryMode (187)
[2015.12.16-17.01.33:790][ 24]LogModuleManager: Shutting down and abandoning module TextureAlignMode (186)
[2015.12.16-17.01.33:790][ 24]LogModuleManager: Shutting down and abandoning module BspMode (185)
[2015.12.16-17.01.33:790][ 24]LogModuleManager: Shutting down and abandoning module PlacementMode (184)
[2015.12.16-17.01.33:790][ 24]LogModuleManager: Shutting down and abandoning module AutomationWorker (183)
[2015.12.16-17.01.33:790][ 24]LogModuleManager: Shutting down and abandoning module CharacterAI (182)
[2015.12.16-17.01.33:790][ 24]LogModuleManager: Shutting down and abandoning module SmartSnapping (181)
[2015.12.16-17.01.33:790][ 24]LogModuleManager: Shutting down and abandoning module ViewportSnapping (180)
[2015.12.16-17.01.33:790][ 24]LogModuleManager: Shutting down and abandoning module LogVisualizer (179)
[2015.12.16-17.01.33:790][ 24]LogModuleManager: Shutting down and abandoning module GameProjectGeneration (178)
[2015.12.16-17.01.33:790][ 24]LogModuleManager: Shutting down and abandoning module IntroTutorials (177)
[2015.12.16-17.01.33:790][ 24]LogModuleManager: Shutting down and abandoning module EditorLiveStreaming (176)
[2015.12.16-17.01.33:790][ 24]LogModuleManager: Shutting down and abandoning module IOSPlatformEditor (175)
[2015.12.16-17.01.33:790][ 24]LogModuleManager: Shutting down and abandoning module HTML5PlatformEditor (174)
[2015.12.16-17.01.33:790][ 24]LogModuleManager: Shutting down and abandoning module AndroidDeviceDetection (173)
[2015.12.16-17.01.34:553][ 24]LogModuleManager: Shutting down and abandoning module AndroidPlatformEditor (172)
[2015.12.16-17.01.34:553][ 24]LogModuleManager: Shutting down and abandoning module IOSRuntimeSettings (171)
[2015.12.16-17.01.34:553][ 24]LogModuleManager: Shutting down and abandoning module AndroidRuntimeSettings (170)
[2015.12.16-17.01.34:553][ 24]LogModuleManager: Shutting down and abandoning module MergeActors (169)
[2015.12.16-17.01.34:553][ 24]LogModuleManager: Shutting down and abandoning module SizeMap (168)
[2015.12.16-17.01.34:553][ 24]LogModuleManager: Shutting down and abandoning module TreeMap (167)
[2015.12.16-17.01.34:553][ 24]LogModuleManager: Shutting down and abandoning module ReferenceViewer (166)
[2015.12.16-17.01.34:553][ 24]LogModuleManager: Shutting down and abandoning module LocalizationService (165)
[2015.12.16-17.01.34:553][ 24]LogModuleManager: Shutting down and abandoning module LocalizationDashboard (164)
[2015.12.16-17.01.34:553][ 24]LogModuleManager: Shutting down and abandoning module HardwareTargeting (163)
[2015.12.16-17.01.34:553][ 24]LogModuleManager: Shutting down and abandoning module DeviceProfileEditor (162)
[2015.12.16-17.01.34:553][ 24]LogModuleManager: Shutting down and abandoning module UndoHistory (161)
[2015.12.16-17.01.34:553][ 24]LogModuleManager: Shutting down and abandoning module GameplayTagsEditor (160)
[2015.12.16-17.01.34:553][ 24]LogModuleManager: Shutting down and abandoning module UserFeedback (159)
[2015.12.16-17.01.34:553][ 24]LogModuleManager: Shutting down and abandoning module XmlParser (158)
[2015.12.16-17.01.34:553][ 24]LogModuleManager: Shutting down and abandoning module Blutility (157)
[2015.12.16-17.01.34:553][ 24]LogModuleManager: Shutting down and abandoning module ProjectTargetPlatformEditor (156)
[2015.12.16-17.01.34:553][ 24]LogModuleManager: Shutting down and abandoning module ProjectSettingsViewer (155)
[2015.12.16-17.01.34:553][ 24]LogModuleManager: Shutting down and abandoning module InputBindingEditor (154)
[2015.12.16-17.01.34:553][ 24]LogModuleManager: Shutting down and abandoning module EditorSettingsViewer (153)
[2015.12.16-17.01.34:553][ 24]LogModuleManager: Shutting down and abandoning module SettingsEditor (152)
[2015.12.16-17.01.34:553][ 24]LogModuleManager: Shutting down and abandoning module ProjectLauncher (151)
[2015.12.16-17.01.34:553][ 24]LogModuleManager: Shutting down and abandoning module SessionFrontend (150)
[2015.12.16-17.01.34:554][ 24]LogModuleManager: Shutting down and abandoning module ProfilerClient (149)
[2015.12.16-17.01.34:554][ 24]LogModuleManager: Shutting down and abandoning module TargetDeviceServices (148)
[2015.12.16-17.01.34:554][ 24]LogModuleManager: Shutting down and abandoning module DeviceManager (147)
[2015.12.16-17.01.34:554][ 24]LogModuleManager: Shutting down and abandoning module AutomationController (146)
[2015.12.16-17.01.34:554][ 24]LogModuleManager: Shutting down and abandoning module AutomationWindow (145)
[2015.12.16-17.01.34:554][ 24]LogModuleManager: Shutting down and abandoning module Layers (144)
[2015.12.16-17.01.34:554][ 24]LogModuleManager: Shutting down and abandoning module ComponentVisualizers (143)
[2015.12.16-17.01.34:554][ 24]LogModuleManager: Shutting down and abandoning module DetailCustomizations (142)
[2015.12.16-17.01.34:554][ 24]LogModuleManager: Shutting down and abandoning module PackagesDialog (141)
[2015.12.16-17.01.34:554][ 24]LogModuleManager: Shutting down and abandoning module Persona (140)
[2015.12.16-17.01.34:554][ 24]LogModuleManager: Shutting down and abandoning module Kismet (139)
[2015.12.16-17.01.34:554][ 24]LogModuleManager: Shutting down and abandoning module GraphEditor (138)
[2015.12.16-17.01.34:554][ 24]LogModuleManager: Shutting down and abandoning module ClassViewer (137)
[2015.12.16-17.01.34:554][ 24]LogModuleManager: Shutting down and abandoning module Toolbox (136)
[2015.12.16-17.01.34:554][ 24]LogModuleManager: Shutting down and abandoning module ModuleUI (135)
[2015.12.16-17.01.34:554][ 24]LogModuleManager: Shutting down and abandoning module MovieSceneTools (134)
[2015.12.16-17.01.34:554][ 24]LogModuleManager: Shutting down and abandoning module OutputLog (133)
[2015.12.16-17.01.34:554][ 24]LogModuleManager: Shutting down and abandoning module GammaUI (132)
[2015.12.16-17.01.34:554][ 24]LogModuleManager: Shutting down and abandoning module Documentation (131)
[2015.12.16-17.01.34:554][ 24]LogModuleManager: Shutting down and abandoning module GameLiveStreaming (130)
[2015.12.16-17.01.34:554][ 24]LogModuleManager: Shutting down and abandoning module StreamingPauseRendering (129)
[2015.12.16-17.01.34:554][ 24]LogModuleManager: Shutting down and abandoning module AnalyticsET (128)
[2015.12.16-17.01.34:554][ 24]LogModuleManager: Shutting down and abandoning module Analytics (127)
[2015.12.16-17.01.34:554][ 24]LogModuleManager: Shutting down and abandoning module AITestSuite (126)
[2015.12.16-17.01.34:554][ 24]LogModuleManager: Shutting down and abandoning module GameplayDebugger (125)
[2015.12.16-17.01.34:554][ 24]LogModuleManager: Shutting down and abandoning module AIModule (124)
[2015.12.16-17.01.34:554][ 24]LogModuleManager: Shutting down and abandoning module ProfilerService (123)
[2015.12.16-17.01.34:777][ 24]LogModuleManager: Shutting down and abandoning module TaskGraph (122)
[2015.12.16-17.01.34:777][ 24]LogModuleManager: Shutting down and abandoning module SlateRemote (121)
[2015.12.16-17.01.34:777][ 24]LogModuleManager: Shutting down and abandoning module SteamVRController (120)
[2015.12.16-17.01.34:777][ 24]LogModuleManager: Shutting down and abandoning module SteamVR (119)
[2015.12.16-17.01.34:777][ 24]LogModuleManager: Shutting down and abandoning module ProceduralMeshComponent (118)
[2015.12.16-17.01.34:777][ 24]LogModuleManager: Shutting down and abandoning module OculusLibrary (117)
[2015.12.16-17.01.34:777][ 24]LogModuleManager: Shutting down and abandoning module OculusInput (116)
[2015.12.16-17.01.34:777][ 24]LogModuleManager: Shutting down and abandoning module LeapMotionController (115)
[2015.12.16-17.01.34:785][ 24]LogModuleManager: Shutting down and abandoning module CustomMeshComponent (114)
[2015.12.16-17.01.34:785][ 24]LogModuleManager: Shutting down and abandoning module CableComponent (113)
[2015.12.16-17.01.34:785][ 24]LogModuleManager: Shutting down and abandoning module ArchVisCharacter (112)
[2015.12.16-17.01.34:785][ 24]LogModuleManager: Shutting down and abandoning module MessagingDebugger (111)
[2015.12.16-17.01.34:785][ 24]LogModuleManager: Shutting down and abandoning module MediaPlayerEditor (110)
[2015.12.16-17.01.34:785][ 24]LogModuleManager: Shutting down and abandoning module HTML5Networking (109)
[2015.12.16-17.01.34:785][ 24]LogModuleManager: Shutting down and abandoning module SpeedTreeImporter (108)
[2015.12.16-17.01.34:785][ 24]LogModuleManager: Shutting down and abandoning module PluginBrowser (107)
[2015.12.16-17.01.34:785][ 24]LogModuleManager: Shutting down and abandoning module EpicSurvey (106)
[2015.12.16-17.01.34:785][ 24]LogModuleManager: Shutting down and abandoning module DesktopPlatform (105)
[2015.12.16-17.01.34:785][ 24]LogModuleManager: Shutting down and abandoning module VisualStudioSourceCodeAccess (104)
[2015.12.16-17.01.34:785][ 24]LogModuleManager: Shutting down and abandoning module UObjectPlugin (103)
[2015.12.16-17.01.34:785][ 24]LogModuleManager: Shutting down and abandoning module SubversionSourceControl (102)
[2015.12.16-17.01.34:785][ 24]LogModuleManager: Shutting down and abandoning module PerforceSourceControl (101)
[2015.12.16-17.01.34:785][ 24]LogModuleManager: Shutting down and abandoning module SourceControl (100)
[2015.12.16-17.01.34:785][ 24]LogModuleManager: Shutting down and abandoning module GitSourceControl (99)
[2015.12.16-17.01.34:785][ 24]LogModuleManager: Shutting down and abandoning module LightPropagationVolumeEditor (98)
[2015.12.16-17.01.34:785][ 24]LogModuleManager: Shutting down and abandoning module PaperTiledImporter (97)
[2015.12.16-17.01.34:785][ 24]LogModuleManager: Shutting down and abandoning module PaperSpriteSheetImporter (96)
[2015.12.16-17.01.34:785][ 24]LogModuleManager: Shutting down and abandoning module MeshPaint (95)
[2015.12.16-17.01.34:785][ 24]LogModuleManager: Shutting down and abandoning module SlateReflector (94)
[2015.12.16-17.01.34:785][ 24]LogModuleManager: Shutting down and abandoning module HotReload (93)
[2015.12.16-17.01.34:785][ 24]LogModuleManager: Shutting down and abandoning module MainFrame (92)
[2015.12.16-17.01.34:786][ 24]LogModuleManager: Shutting down and abandoning module LevelEditor (91)
[2015.12.16-17.01.34:786][ 24]LogModuleManager: Shutting down and abandoning module DirectoryWatcher (90)
[2015.12.16-17.01.34:787][ 24]LogModuleManager: Shutting down and abandoning module AssetRegistry (89)
[2015.12.16-17.01.34:884][ 24]LogModuleManager: Shutting down and abandoning module ContentBrowser (88)
[2015.12.16-17.01.34:884][ 24]LogModuleManager: Shutting down and abandoning module Paper2DEditor (87)
[2015.12.16-17.01.34:885][ 24]LogModuleManager: Shutting down and abandoning module UdpMessaging (86)
[2015.12.16-17.01.34:985][ 24]LogModuleManager: Shutting down and abandoning module LightPropagationVolumeRuntime (85)
[2015.12.16-17.01.34:985][ 24]LogModuleManager: Shutting down and abandoning module Paper2D (84)
[2015.12.16-17.01.34:985][ 24]LogModuleManager: Shutting down and abandoning module WindowsMoviePlayer (83)
[2015.12.16-17.01.34:987][ 24]LogModuleManager: Shutting down and abandoning module Media (82)
[2015.12.16-17.01.34:987][ 24]LogModuleManager: Shutting down and abandoning module WmfMedia (81)
[2015.12.16-17.01.34:988][ 24]LogModuleManager: Shutting down and abandoning module OnlineBlueprintSupport (80)
[2015.12.16-17.01.34:988][ 24]LogModuleManager: Shutting down and abandoning module GameplayTasksEditor (79)
[2015.12.16-17.01.34:988][ 24]LogModuleManager: Shutting down and abandoning module PropertyEditor (78)
[2015.12.16-17.01.34:988][ 24]LogModuleManager: Shutting down and abandoning module BehaviorTreeEditor (77)
[2015.12.16-17.01.34:988][ 24]LogModuleManager: Shutting down and abandoning module FunctionalTesting (76)
[2015.12.16-17.01.34:988][ 24]LogModuleManager: Shutting down and abandoning module CollisionAnalyzer (75)
[2015.12.16-17.01.34:988][ 24]LogModuleManager: Shutting down and abandoning module WorkspaceMenuStructure (74)
[2015.12.16-17.01.34:988][ 24]LogModuleManager: Shutting down and abandoning module MessageLog (73)
[2015.12.16-17.01.34:988][ 24]LogModuleManager: Shutting down and abandoning module Sequencer (72)
[2015.12.16-17.01.34:988][ 24]LogModuleManager: Shutting down and abandoning module AssetTools (71)
[2015.12.16-17.01.34:988][ 24]LogModuleManager: Shutting down and abandoning module UMGEditor (70)
[2015.12.16-17.01.34:988][ 24]LogModuleManager: Shutting down and abandoning module UMG (69)
[2015.12.16-17.01.34:988][ 24]LogModuleManager: Shutting down and abandoning module Slate (68)
[2015.12.16-17.01.34:988][ 24]LogModuleManager: Shutting down and abandoning module EditorStyle (67)
[2015.12.16-17.01.34:990][ 24]LogModuleManager: Shutting down and abandoning module SessionServices (66)
[2015.12.16-17.01.34:990][ 24]LogModuleManager: Shutting down and abandoning module SourceCodeAccess (65)
[2015.12.16-17.01.34:990][ 24]LogModuleManager: Shutting down and abandoning module HeadMountedDisplay (64)
[2015.12.16-17.01.34:990][ 24]LogModuleManager: Shutting down and abandoning module XAudio2 (63)
[2015.12.16-17.01.34:990][ 24]LogModuleManager: Shutting down and abandoning module Networking (61)
[2015.12.16-17.01.34:990][ 24]LogModuleManager: Shutting down and abandoning module Core (60)
[2015.12.16-17.01.34:990][ 24]LogModuleManager: Shutting down and abandoning module KismetCompiler (59)
[2015.12.16-17.01.34:990][ 24]LogModuleManager: Shutting down and abandoning module PhysXFormats (58)
[2015.12.16-17.01.34:990][ 24]LogModuleManager: Shutting down and abandoning module MeshUtilities (57)
[2015.12.16-17.01.34:990][ 24]LogModuleManager: Shutting down and abandoning module DerivedDataCache (56)
[2015.12.16-17.01.35:079][ 24]LogDerivedDataCache: Shutdown
[2015.12.16-17.01.35:079][ 24]LogModuleManager: Shutting down and abandoning module ShaderFormatOpenGL (55)
[2015.12.16-17.01.35:079][ 24]LogModuleManager: Shutting down and abandoning module ShaderFormatD3D (54)
[2015.12.16-17.01.35:079][ 24]LogModuleManager: Shutting down and abandoning module MetalShaderFormat (53)
[2015.12.16-17.01.35:079][ 24]LogModuleManager: Shutting down and abandoning module TextureFormatUncompressed (52)
[2015.12.16-17.01.35:079][ 24]LogModuleManager: Shutting down and abandoning module TextureFormatPVR (51)
[2015.12.16-17.01.35:079][ 24]LogModuleManager: Shutting down and abandoning module TextureFormatIntelISPCTexComp (50)
[2015.12.16-17.01.35:079][ 24]LogModuleManager: Shutting down and abandoning module TextureFormatDXT (49)
[2015.12.16-17.01.35:079][ 24]LogModuleManager: Shutting down and abandoning module ImageWrapper (48)
[2015.12.16-17.01.35:079][ 24]LogModuleManager: Shutting down and abandoning module TextureFormatASTC (47)
[2015.12.16-17.01.35:079][ 24]LogModuleManager: Shutting down and abandoning module TextureFormatAndroid (46)
[2015.12.16-17.01.35:079][ 24]LogModuleManager: Shutting down and abandoning module AudioFormatOpus (45)
[2015.12.16-17.01.35:079][ 24]LogModuleManager: Shutting down and abandoning module AudioFormatOgg (44)
[2015.12.16-17.01.35:079][ 24]LogModuleManager: Shutting down and abandoning module AudioFormatADPCM (43)
[2015.12.16-17.01.35:079][ 24]LogModuleManager: Shutting down and abandoning module LinuxTargetPlatform (42)
[2015.12.16-17.01.35:079][ 24]LogModuleManager: Shutting down and abandoning module LinuxServerTargetPlatform (41)
[2015.12.16-17.01.35:079][ 24]LogModuleManager: Shutting down and abandoning module LinuxNoEditorTargetPlatform (40)
[2015.12.16-17.01.35:079][ 24]LogModuleManager: Shutting down and abandoning module Messaging (39)
[2015.12.16-17.01.35:079][ 24]LogModuleManager: Shutting down and abandoning module IOSTargetPlatform (38)
[2015.12.16-17.01.35:079][ 24]LogModuleManager: Shutting down and abandoning module HTML5TargetPlatform (37)
[2015.12.16-17.01.35:079][ 24]LogModuleManager: Shutting down and abandoning module Android_PVRTCTargetPlatform (36)
[2015.12.16-17.01.35:079][ 24]LogModuleManager: Shutting down and abandoning module Android_MultiTargetPlatform (35)
[2015.12.16-17.01.35:079][ 24]LogModuleManager: Shutting down and abandoning module Android_ETC2TargetPlatform (34)
[2015.12.16-17.01.35:079][ 24]LogModuleManager: Shutting down and abandoning module Android_ETC1TargetPlatform (33)
[2015.12.16-17.01.35:079][ 24]LogModuleManager: Shutting down and abandoning module Android_DXTTargetPlatform (32)
[2015.12.16-17.01.35:079][ 24]LogModuleManager: Shutting down and abandoning module Android_ATCTargetPlatform (31)
[2015.12.16-17.01.35:079][ 24]LogModuleManager: Shutting down and abandoning module Android_ASTCTargetPlatform (30)
[2015.12.16-17.01.35:079][ 24]LogModuleManager: Shutting down and abandoning module AndroidTargetPlatform (29)
[2015.12.16-17.01.35:079][ 24]LogModuleManager: Shutting down and abandoning module WindowsTargetPlatform (28)
[2015.12.16-17.01.35:079][ 24]LogModuleManager: Shutting down and abandoning module WindowsServerTargetPlatform (27)
[2015.12.16-17.01.35:079][ 24]LogModuleManager: Shutting down and abandoning module WindowsNoEditorTargetPlatform (26)
[2015.12.16-17.01.35:079][ 24]LogModuleManager: Shutting down and abandoning module WindowsClientTargetPlatform (25)
[2015.12.16-17.01.35:079][ 24]LogModuleManager: Shutting down and abandoning module AllDesktopTargetPlatform (24)
[2015.12.16-17.01.35:079][ 24]LogModuleManager: Shutting down and abandoning module TargetPlatform (23)
[2015.12.16-17.01.35:079][ 24]LogModuleManager: Shutting down and abandoning module InputCore (22)
[2015.12.16-17.01.35:079][ 24]LogModuleManager: Shutting down and abandoning module Settings (21)
[2015.12.16-17.01.35:079][ 24]LogModuleManager: Shutting down and abandoning module OnlineSubsystem (19)
[2015.12.16-17.01.35:079][ 24]LogModuleManager: Shutting down and abandoning module HTTP (18)
[2015.12.16-17.01.37:080][ 24]LogModuleManager: Shutting down and abandoning module XMPP (17)
[2015.12.16-17.01.37:080][ 24]LogModuleManager: Shutting down and abandoning module OculusRift (16)
[2015.12.16-17.01.37:080][ 24]LogModuleManager: Shutting down and abandoning module ExampleDeviceProfileSelector (15)
[2015.12.16-17.01.37:080][ 24]LogModuleManager: Shutting down and abandoning module TextureCompressor (14)
[2015.12.16-17.01.37:080][ 24]LogModuleManager: Shutting down and abandoning module ShaderCore (13)
[2015.12.16-17.01.37:080][ 24]LogModuleManager: Shutting down and abandoning module Landscape (12)
[2015.12.16-17.01.37:080][ 24]LogModuleManager: Shutting down and abandoning module SlateRHIRenderer (11)
[2015.12.16-17.01.37:080][ 24]LogModuleManager: Shutting down and abandoning module OpenGLDrv (10)
[2015.12.16-17.01.37:080][ 24]LogModuleManager: Shutting down and abandoning module D3D11RHI (9)
[2015.12.16-17.01.37:080][ 24]LogModuleManager: Shutting down and abandoning module AnimGraphRuntime (8)
[2015.12.16-17.01.37:080][ 24]LogModuleManager: Shutting down and abandoning module Renderer (7)
[2015.12.16-17.01.37:080][ 24]LogModuleManager: Shutting down and abandoning module Engine (6)
[2015.12.16-17.01.37:080][ 24]LogModuleManager: Shutting down and abandoning module CoreUObject (5)
[2015.12.16-17.01.37:080][ 24]LogModuleManager: Shutting down and abandoning module NetworkFile (4)
[2015.12.16-17.01.37:080][ 24]LogModuleManager: Shutting down and abandoning module StreamingFile (3)
[2015.12.16-17.01.37:080][ 24]LogModuleManager: Shutting down and abandoning module SandboxFile (2)
[2015.12.16-17.01.37:080][ 24]LogModuleManager: Shutting down and abandoning module PakFile (1)
[2015.12.16-17.01.37:082][ 24]LogExit: Exiting.
[2015.12.16-17.01.37:083][ 24]Log file closed, 12/16/15 18:01:37
